#
# A fatal error has been detected by the Java Runtime Environment:
#
#  SIGBUS (0x7) at pc=0x00007f3bb913a21a, pid=134140, tid=134151
#
# JRE version: OpenJDK Runtime Environment (11.0.20+8) (build 11.0.20+8-post-Ubuntu-1ubuntu122.04)
# Java VM: OpenJDK 64-Bit Server VM (11.0.20+8-post-Ubuntu-1ubuntu122.04, mixed mode, sharing, tiered, compressed oops, g1 gc, linux-amd64)
# Problematic frame:
# C  [ld-linux-x86-64.so.2+0x621a]
#
# No core dump will be written. Core dumps have been disabled. To enable core dumping, try "ulimit -c unlimited" before starting Java again
#
# If you would like to submit a bug report, please visit:
#   https://bugs.launchpad.net/ubuntu/+source/openjdk-lts
#

---------------  S U M M A R Y ------------

Command Line: -Dzookeeper.log.dir=. -Dzookeeper.root.logger=INFO,CONSOLE -Dcom.sun.management.jmxremote -Dcom.sun.management.jmxremote.local.only=false org.apache.zookeeper.server.quorum.QuorumPeerMain /home/zch/桌面/mp_rpc/zookeeper-3.4.10/bin/../conf/zoo.cfg

Host: 11th Gen Intel(R) Core(TM) i5-11500 @ 2.70GHz, 2 cores, 3G, Ubuntu 22.04.2 LTS
Time: Mon Nov 27 22:30:32 2023 CST elapsed time: 520741.785737 seconds (6d 0h 39m 1s)

---------------  T H R E A D  ---------------

Current thread (0x00007f3bb00b5000):  VMThread "VM Thread" [stack: 0x00007f3bb4550000,0x00007f3bb4650000] [id=134151]

Stack: [0x00007f3bb4550000,0x00007f3bb4650000],  sp=0x00007f3bb464e710,  free space=1017k
Native frames: (J=compiled Java code, A=aot compiled Java code, j=interpreted, Vv=VM code, C=native code)
C  [ld-linux-x86-64.so.2+0x621a]


siginfo: si_signo: 7 (SIGBUS), si_code: 2 (BUS_ADRERR), si_addr: 0x00007f3bb8dfee08

Register to memory mapping:

RAX=
[error occurred during error reporting (printing register info), id 0x7, SIGBUS (0x7) at pc=0x00007f3bb8f746cb]

Registers:
RAX=0x00007f3bb8dfee00, RBX=0x00007f3bb916e040, RCX=0x0000000000000000, RDX=0x00007f3bb90eddd8
RSP=0x00007f3bb464e710, RBP=0x00007f3bb464e810, RSI=0x0000000000000000, RDI=0x000056372f16db90
R8 =0x0000000000000000, R9 =0x00000000000000a0, R10=0x0000000000000000, R11=0x00007f3bb464e5c0
R12=0x0000000000000000, R13=0x00007f3bb916ea48, R14=0x00007f3bb464e798, R15=0x000056372f16d4a0
RIP=0x00007f3bb913a21a, EFLAGS=0x0000000000010246, CSGSFS=0x002b000000000033, ERR=0x0000000000000004
  TRAPNO=0x000000000000000e

Top of Stack: (sp=0x00007f3bb464e710)
0x00007f3bb464e710:   00007f3bb916f2e0 00007f3bb916f890
0x00007f3bb464e720:   00007f3bb9132c50 00007f3bb0001220
0x00007f3bb464e730:   00007f3bb0009a60 00007f3bb0022e10
0x00007f3bb464e740:   00007f3bb9132730 00007f3bb012a530 

Instructions: (pc=0x00007f3bb913a21a)
0x00007f3bb913a11a:   0f 00 00 00 48 39 d4 75 eb 25 ff 0f 00 00 48 29
0x00007f3bb913a12a:   c4 48 85 c0 0f 85 ff 01 00 00 48 8b 03 49 89 e6
0x00007f3bb913a13a:   31 f6 48 85 c0 75 10 eb 3c 0f 1f 44 00 00 48 8b
0x00007f3bb913a14a:   40 18 48 85 c0 74 2e 48 39 40 28 75 f1 41 39 f7
0x00007f3bb913a15a:   0f 86 1e 02 00 00 89 f2 49 89 04 d6 89 b0 f4 03
0x00007f3bb913a16a:   00 00 83 c6 01 83 80 18 03 00 00 01 48 8b 40 18
0x00007f3bb913a17a:   48 85 c0 75 d2 41 39 f7 0f 94 c0 4d 85 e4 75 08
0x00007f3bb913a18a:   84 c0 0f 84 2a 02 00 00 4d 85 e4 0f 94 c2 84 c0
0x00007f3bb913a19a:   75 11 84 d2 75 0d 41 83 ef 01 41 39 f7 0f 85 f0
0x00007f3bb913a1aa:   01 00 00 0f b6 d2 b9 01 00 00 00 4c 89 f7 89 75
0x00007f3bb913a1ba:   c8 e8 70 d5 00 00 4c 89 ef ff 15 af 38 03 00 8b
0x00007f3bb913a1ca:   75 c8 85 f6 0f 84 be 00 00 00 8d 46 ff 49 8d 44
0x00007f3bb913a1da:   c6 08 48 89 45 b0 4d 8b 3e 41 0f b6 87 1c 03 00
0x00007f3bb913a1ea:   00 a8 08 0f 84 89 00 00 00 83 e0 f7 41 88 87 1c
0x00007f3bb913a1fa:   03 00 00 49 8b 87 10 01 00 00 48 85 c0 0f 84 9b
0x00007f3bb913a20a:   00 00 00 f6 05 cc 38 03 00 02 0f 85 a6 00 00 00
0x00007f3bb913a21a:   48 8b 40 08 49 03 07 48 89 c6 48 89 45 c0 49 8b
0x00007f3bb913a22a:   87 20 01 00 00 48 8b 50 08 48 c1 ea 03 8d 42 ff
0x00007f3bb913a23a:   48 8d 04 c6 85 d2 74 1d 66 0f 1f 44 00 00 48 89
0x00007f3bb913a24a:   45 c8 ff 10 48 8b 45 c8 48 89 c2 48 83 e8 08 48
0x00007f3bb913a25a:   39 55 c0 75 e9 49 8b 87 a8 00 00 00 48 85 c0 74
0x00007f3bb913a26a:   09 48 8b 40 08 49 03 07 ff d0 4c 89 ff e8 14 53
0x00007f3bb913a27a:   01 00 41 83 af 18 03 00 00 01 49 83 c6 08 4c 39
0x00007f3bb913a28a:   75 b0 0f 85 4e ff ff ff 31 f6 4c 89 e7 e8 d4 4f
0x00007f3bb913a29a:   01 00 48 8b 65 a8 e9 f4 fd ff ff 0f 1f 00 49 8b
0x00007f3bb913a2aa:   87 a8 00 00 00 48 85 c0 74 c0 f6 05 25 38 03 00
0x00007f3bb913a2ba:   02 74 ae 0f 1f 00 49 8b 77 08 80 3e 00 74 50 31
0x00007f3bb913a2ca:   c0 4c 89 e2 48 8d 3d bc 77 02 00 e8 e6 98 00 00
0x00007f3bb913a2da:   49 8b 87 10 01 00 00 48 85 c0 0f 84 75 ff ff ff
0x00007f3bb913a2ea:   e9 2b ff ff ff 90 8b 55 bc 85 d2 75 0a 8b 05 7b
0x00007f3bb913a2fa:   3b 03 00 85 c0 75 3d f6 05 d8 37 03 00 80 75 56
0x00007f3bb913a30a:   48 8d 65 d8 5b 41 5c 41 5d 41 5e 41 5f 5d c3 48 


Stack slot to memory mapping:
stack at sp + 0 slots: 0x00007f3bb916f2e0 points into unknown readable memory: 0x000056372e8cd000 | 00 d0 8c 2e 37 56 00 00
stack at sp + 1 slots: 0x00007f3bb916f890 points into unknown readable memory: 0x00007ffc1e151000 | 00 10 15 1e fc 7f 00 00
stack at sp + 2 slots: 0x00007f3bb9132c50 points into unknown readable memory: 0x00007f3bb90f1000 | 00 10 0f b9 3b 7f 00 00
stack at sp + 3 slots: 0x00007f3bb0001220 points into unknown readable memory: 0x00007f3bb90ca000 | 00 a0 0c b9 3b 7f 00 00
stack at sp + 4 slots: 0x00007f3bb0009a60 points into unknown readable memory: 0x00007f3bb9129000 | 00 90 12 b9 3b 7f 00 00
stack at sp + 5 slots: 0x00007f3bb0022e10 points into unknown readable memory: 0x00007f3bb9078000 | 00 80 07 b9 3b 7f 00 00
stack at sp + 6 slots: 0x00007f3bb9132730 points into unknown readable memory: 0x00007f3bb9104000 | 00 40 10 b9 3b 7f 00 00
stack at sp + 7 slots: 0x00007f3bb012a530 points into unknown readable memory: 0x00007f3bb8ce4000 | 00 40 ce b8 3b 7f 00 00

VM_Operation (0x00007f3b884fc6b0): Exit, mode: safepoint, requested by thread 0x00007f3b6c00b000


---------------  P R O C E S S  ---------------

Threads class SMR info:
_java_thread_list=0x00007f3bb0300640, length=14, elements={
0x00007f3bb0015800, 0x00007f3bb00b8000, 0x00007f3bb00ba000, 0x00007f3bb00c2000,
0x00007f3bb00c4000, 0x00007f3bb00c6000, 0x00007f3bb00c8000, 0x00007f3bb00de000,
0x00007f3bb024a000, 0x00007f3bb02eb800, 0x00007f3bb02f8800, 0x00007f3bb02fc800,
0x00007f3bb02ff000, 0x00007f3b6c00b000
}

Java Threads: ( => current thread )
  0x00007f3bb0015800 JavaThread "main" [_thread_blocked, id=134143, stack(0x00007f3bb7900000,0x00007f3bb7a00000)]
  0x00007f3bb00b8000 JavaThread "Reference Handler" daemon [_thread_blocked, id=134152, stack(0x00007f3bb444e000,0x00007f3bb454e000)]
  0x00007f3bb00ba000 JavaThread "Finalizer" daemon [_thread_blocked, id=134153, stack(0x00007f3bb434e000,0x00007f3bb444e000)]
  0x00007f3bb00c2000 JavaThread "Service Thread" daemon [_thread_blocked, id=134155, stack(0x00007f3bb414e000,0x00007f3bb424e000)]
  0x00007f3bb00c4000 JavaThread "C2 CompilerThread0" daemon [_thread_blocked, id=134156, stack(0x00007f3bb404e000,0x00007f3bb414e000)]
  0x00007f3bb00c6000 JavaThread "C1 CompilerThread0" daemon [_thread_blocked, id=134157, stack(0x00007f3baff00000,0x00007f3bb0000000)]
  0x00007f3bb00c8000 JavaThread "Sweeper thread" daemon [_thread_blocked, id=134159, stack(0x00007f3b98500000,0x00007f3b98600000)]
  0x00007f3bb00de000 JavaThread "Common-Cleaner" daemon [_thread_blocked, id=134161, stack(0x00007f3b98400000,0x00007f3b98500000)]
  0x00007f3bb024a000 JavaThread "RMI TCP Accept-0" daemon [_thread_in_native, id=134163, stack(0x00007f3b98300000,0x00007f3b98400000)]
  0x00007f3bb02eb800 JavaThread "NIOServerCxn.Factory:0.0.0.0/0.0.0.0:2181" daemon [_thread_blocked, id=134172, stack(0x00007f3b887fe000,0x00007f3b888fe000)]
  0x00007f3bb02f8800 JavaThread "SessionTracker" [_thread_blocked, id=134173, stack(0x00007f3b886fe000,0x00007f3b887fe000)]
  0x00007f3bb02fc800 JavaThread "SyncThread:0" [_thread_blocked, id=134174, stack(0x00007f3b885fe000,0x00007f3b886fe000)]
  0x00007f3bb02ff000 JavaThread "ProcessThread(sid:0 cport:2181):" [_thread_blocked, id=134175, stack(0x00007f3b884fe000,0x00007f3b885fe000)]
  0x00007f3b6c00b000 JavaThread "SIGTERM handler" daemon [_thread_blocked, id=229948, stack(0x00007f3b883fe000,0x00007f3b884fe000)]

Other Threads:
=>0x00007f3bb00b5000 VMThread "VM Thread" [stack: 0x00007f3bb4550000,0x00007f3bb4650000] [id=134151]
  0x00007f3bb002e800 GCTaskThread "GC Thread#0" [stack: 0x00007f3bb732a000,0x00007f3bb742a000] [id=134145]
  0x00007f3b80001000 GCTaskThread "GC Thread#1" [stack: 0x00007f3b980fe000,0x00007f3b981fe000] [id=134165]
  0x00007f3bb0049800 ConcurrentGCThread "G1 Main Marker" [stack: 0x00007f3bb4bdb000,0x00007f3bb4cdb000] [id=134146]
  0x00007f3bb004b800 ConcurrentGCThread "G1 Conc#0" [stack: 0x00007f3bb4ad9000,0x00007f3bb4bd9000] [id=134147]
  0x00007f3bb0086800 ConcurrentGCThread "G1 Refine#0" [stack: 0x00007f3bb47d5000,0x00007f3bb48d5000] [id=134148]
  0x00007f3b84001000 ConcurrentGCThread "G1 Refine#1" [stack: 0x00007f3b88900000,0x00007f3b88a00000] [id=134166]
  0x00007f3bb0088800 ConcurrentGCThread "G1 Young RemSet Sampling" [stack: 0x00007f3bb46d3000,0x00007f3bb47d3000] [id=134149]

Threads with active compile tasks:

VM state:at safepoint (shutting down)

VM Mutex/Monitor currently owned by a thread:  ([mutex/lock_event])
[0x00007f3bb00138b0] Threads_lock - owner thread: 0x00007f3bb00b5000

Heap address: 0x00000000c2e00000, size: 978 MB, Compressed Oops mode: 32-bit
Narrow klass base: 0x0000000800000000, Narrow klass shift: 3
Compressed class space size: 1073741824 Address: 0x0000000840000000

Heap:
 garbage-first heap   total 65536K, used 3424K [0x00000000c2e00000, 0x0000000100000000)
  region size 1024K, 2 young (2048K), 1 survivors (1024K)
 Metaspace       used 7643K, capacity 7971K, committed 8192K, reserved 1056768K
  class space    used 842K, capacity 977K, committed 1024K, reserved 1048576K
Heap Regions: E=young(eden), S=young(survivor), O=old, HS=humongous(starts), HC=humongous(continues), CS=collection set, F=free, A=archive, TAMS=top-at-mark-start (previous, next)
|   0|0x00000000c2e00000, 0x00000000c2f00000, 0x00000000c2f00000|100%| O|  |TAMS 0x00000000c2e00000, 0x00000000c2e00000| Untracked 
|   1|0x00000000c2f00000, 0x00000000c2fd4600, 0x00000000c3000000| 82%| O|  |TAMS 0x00000000c2f00000, 0x00000000c2f00000| Untracked 
|   2|0x00000000c3000000, 0x00000000c3000000, 0x00000000c3100000|  0%| F|  |TAMS 0x00000000c3000000, 0x00000000c3000000| Untracked 
|   3|0x00000000c3100000, 0x00000000c3100000, 0x00000000c3200000|  0%| F|  |TAMS 0x00000000c3100000, 0x00000000c3100000| Untracked 
|   4|0x00000000c3200000, 0x00000000c3200000, 0x00000000c3300000|  0%| F|  |TAMS 0x00000000c3200000, 0x00000000c3200000| Untracked 
|   5|0x00000000c3300000, 0x00000000c3300000, 0x00000000c3400000|  0%| F|  |TAMS 0x00000000c3300000, 0x00000000c3300000| Untracked 
|   6|0x00000000c3400000, 0x00000000c3400000, 0x00000000c3500000|  0%| F|  |TAMS 0x00000000c3400000, 0x00000000c3400000| Untracked 
|   7|0x00000000c3500000, 0x00000000c3500000, 0x00000000c3600000|  0%| F|  |TAMS 0x00000000c3500000, 0x00000000c3500000| Untracked 
|   8|0x00000000c3600000, 0x00000000c3600000, 0x00000000c3700000|  0%| F|  |TAMS 0x00000000c3600000, 0x00000000c3600000| Untracked 
|   9|0x00000000c3700000, 0x00000000c3700000, 0x00000000c3800000|  0%| F|  |TAMS 0x00000000c3700000, 0x00000000c3700000| Untracked 
|  10|0x00000000c3800000, 0x00000000c3800000, 0x00000000c3900000|  0%| F|  |TAMS 0x00000000c3800000, 0x00000000c3800000| Untracked 
|  11|0x00000000c3900000, 0x00000000c3900000, 0x00000000c3a00000|  0%| F|  |TAMS 0x00000000c3900000, 0x00000000c3900000| Untracked 
|  12|0x00000000c3a00000, 0x00000000c3a00000, 0x00000000c3b00000|  0%| F|  |TAMS 0x00000000c3a00000, 0x00000000c3a00000| Untracked 
|  13|0x00000000c3b00000, 0x00000000c3b00000, 0x00000000c3c00000|  0%| F|  |TAMS 0x00000000c3b00000, 0x00000000c3b00000| Untracked 
|  14|0x00000000c3c00000, 0x00000000c3c00000, 0x00000000c3d00000|  0%| F|  |TAMS 0x00000000c3c00000, 0x00000000c3c00000| Untracked 
|  15|0x00000000c3d00000, 0x00000000c3d00000, 0x00000000c3e00000|  0%| F|  |TAMS 0x00000000c3d00000, 0x00000000c3d00000| Untracked 
|  16|0x00000000c3e00000, 0x00000000c3e00000, 0x00000000c3f00000|  0%| F|  |TAMS 0x00000000c3e00000, 0x00000000c3e00000| Untracked 
|  17|0x00000000c3f00000, 0x00000000c3f00000, 0x00000000c4000000|  0%| F|  |TAMS 0x00000000c3f00000, 0x00000000c3f00000| Untracked 
|  18|0x00000000c4000000, 0x00000000c4000000, 0x00000000c4100000|  0%| F|  |TAMS 0x00000000c4000000, 0x00000000c4000000| Untracked 
|  19|0x00000000c4100000, 0x00000000c4100000, 0x00000000c4200000|  0%| F|  |TAMS 0x00000000c4100000, 0x00000000c4100000| Untracked 
|  20|0x00000000c4200000, 0x00000000c4200000, 0x00000000c4300000|  0%| F|  |TAMS 0x00000000c4200000, 0x00000000c4200000| Untracked 
|  21|0x00000000c4300000, 0x00000000c4300000, 0x00000000c4400000|  0%| F|  |TAMS 0x00000000c4300000, 0x00000000c4300000| Untracked 
|  22|0x00000000c4400000, 0x00000000c4400000, 0x00000000c4500000|  0%| F|  |TAMS 0x00000000c4400000, 0x00000000c4400000| Untracked 
|  23|0x00000000c4500000, 0x00000000c4500000, 0x00000000c4600000|  0%| F|  |TAMS 0x00000000c4500000, 0x00000000c4500000| Untracked 
|  24|0x00000000c4600000, 0x00000000c4600000, 0x00000000c4700000|  0%| F|  |TAMS 0x00000000c4600000, 0x00000000c4600000| Untracked 
|  25|0x00000000c4700000, 0x00000000c4700000, 0x00000000c4800000|  0%| F|  |TAMS 0x00000000c4700000, 0x00000000c4700000| Untracked 
|  26|0x00000000c4800000, 0x00000000c4800000, 0x00000000c4900000|  0%| F|  |TAMS 0x00000000c4800000, 0x00000000c4800000| Untracked 
|  27|0x00000000c4900000, 0x00000000c4900000, 0x00000000c4a00000|  0%| F|  |TAMS 0x00000000c4900000, 0x00000000c4900000| Untracked 
|  28|0x00000000c4a00000, 0x00000000c4a00000, 0x00000000c4b00000|  0%| F|  |TAMS 0x00000000c4a00000, 0x00000000c4a00000| Untracked 
|  29|0x00000000c4b00000, 0x00000000c4b00000, 0x00000000c4c00000|  0%| F|  |TAMS 0x00000000c4b00000, 0x00000000c4b00000| Untracked 
|  30|0x00000000c4c00000, 0x00000000c4c00000, 0x00000000c4d00000|  0%| F|  |TAMS 0x00000000c4c00000, 0x00000000c4c00000| Untracked 
|  31|0x00000000c4d00000, 0x00000000c4d00000, 0x00000000c4e00000|  0%| F|  |TAMS 0x00000000c4d00000, 0x00000000c4d00000| Untracked 
|  32|0x00000000c4e00000, 0x00000000c4e00000, 0x00000000c4f00000|  0%| F|  |TAMS 0x00000000c4e00000, 0x00000000c4e00000| Untracked 
|  33|0x00000000c4f00000, 0x00000000c4f00000, 0x00000000c5000000|  0%| F|  |TAMS 0x00000000c4f00000, 0x00000000c4f00000| Untracked 
|  34|0x00000000c5000000, 0x00000000c5000000, 0x00000000c5100000|  0%| F|  |TAMS 0x00000000c5000000, 0x00000000c5000000| Untracked 
|  35|0x00000000c5100000, 0x00000000c51cfd80, 0x00000000c5200000| 81%| S|CS|TAMS 0x00000000c5100000, 0x00000000c5100000| Complete 
|  36|0x00000000c5200000, 0x00000000c5200000, 0x00000000c5300000|  0%| F|  |TAMS 0x00000000c5200000, 0x00000000c5200000| Untracked 
|  37|0x00000000c5300000, 0x00000000c5300000, 0x00000000c5400000|  0%| F|  |TAMS 0x00000000c5300000, 0x00000000c5300000| Untracked 
|  38|0x00000000c5400000, 0x00000000c5400000, 0x00000000c5500000|  0%| F|  |TAMS 0x00000000c5400000, 0x00000000c5400000| Untracked 
|  39|0x00000000c5500000, 0x00000000c5500000, 0x00000000c5600000|  0%| F|  |TAMS 0x00000000c5500000, 0x00000000c5500000| Untracked 
|  40|0x00000000c5600000, 0x00000000c5600000, 0x00000000c5700000|  0%| F|  |TAMS 0x00000000c5600000, 0x00000000c5600000| Untracked 
|  41|0x00000000c5700000, 0x00000000c5700000, 0x00000000c5800000|  0%| F|  |TAMS 0x00000000c5700000, 0x00000000c5700000| Untracked 
|  42|0x00000000c5800000, 0x00000000c5800000, 0x00000000c5900000|  0%| F|  |TAMS 0x00000000c5800000, 0x00000000c5800000| Untracked 
|  43|0x00000000c5900000, 0x00000000c5900000, 0x00000000c5a00000|  0%| F|  |TAMS 0x00000000c5900000, 0x00000000c5900000| Untracked 
|  44|0x00000000c5a00000, 0x00000000c5a00000, 0x00000000c5b00000|  0%| F|  |TAMS 0x00000000c5a00000, 0x00000000c5a00000| Untracked 
|  45|0x00000000c5b00000, 0x00000000c5b00000, 0x00000000c5c00000|  0%| F|  |TAMS 0x00000000c5b00000, 0x00000000c5b00000| Untracked 
|  46|0x00000000c5c00000, 0x00000000c5c00000, 0x00000000c5d00000|  0%| F|  |TAMS 0x00000000c5c00000, 0x00000000c5c00000| Untracked 
|  47|0x00000000c5d00000, 0x00000000c5d00000, 0x00000000c5e00000|  0%| F|  |TAMS 0x00000000c5d00000, 0x00000000c5d00000| Untracked 
|  48|0x00000000c5e00000, 0x00000000c5e00000, 0x00000000c5f00000|  0%| F|  |TAMS 0x00000000c5e00000, 0x00000000c5e00000| Untracked 
|  49|0x00000000c5f00000, 0x00000000c5f00000, 0x00000000c6000000|  0%| F|  |TAMS 0x00000000c5f00000, 0x00000000c5f00000| Untracked 
|  50|0x00000000c6000000, 0x00000000c6000000, 0x00000000c6100000|  0%| F|  |TAMS 0x00000000c6000000, 0x00000000c6000000| Untracked 
|  51|0x00000000c6100000, 0x00000000c6100000, 0x00000000c6200000|  0%| F|  |TAMS 0x00000000c6100000, 0x00000000c6100000| Untracked 
|  52|0x00000000c6200000, 0x00000000c6200000, 0x00000000c6300000|  0%| F|  |TAMS 0x00000000c6200000, 0x00000000c6200000| Untracked 
|  53|0x00000000c6300000, 0x00000000c6300000, 0x00000000c6400000|  0%| F|  |TAMS 0x00000000c6300000, 0x00000000c6300000| Untracked 
|  54|0x00000000c6400000, 0x00000000c6400000, 0x00000000c6500000|  0%| F|  |TAMS 0x00000000c6400000, 0x00000000c6400000| Untracked 
|  55|0x00000000c6500000, 0x00000000c6500000, 0x00000000c6600000|  0%| F|  |TAMS 0x00000000c6500000, 0x00000000c6500000| Untracked 
|  56|0x00000000c6600000, 0x00000000c6600000, 0x00000000c6700000|  0%| F|  |TAMS 0x00000000c6600000, 0x00000000c6600000| Untracked 
|  57|0x00000000c6700000, 0x00000000c6700000, 0x00000000c6800000|  0%| F|  |TAMS 0x00000000c6700000, 0x00000000c6700000| Untracked 
|  58|0x00000000c6800000, 0x00000000c6800000, 0x00000000c6900000|  0%| F|  |TAMS 0x00000000c6800000, 0x00000000c6800000| Untracked 
|  59|0x00000000c6900000, 0x00000000c6900000, 0x00000000c6a00000|  0%| F|  |TAMS 0x00000000c6900000, 0x00000000c6900000| Untracked 
|  60|0x00000000c6a00000, 0x00000000c6a00000, 0x00000000c6b00000|  0%| F|  |TAMS 0x00000000c6a00000, 0x00000000c6a00000| Untracked 
|  61|0x00000000c6b00000, 0x00000000c6b0cb98, 0x00000000c6c00000|  4%| E|  |TAMS 0x00000000c6b00000, 0x00000000c6b00000| Complete 
| 976|0x00000000ffe00000, 0x00000000ffe48000, 0x00000000fff00000| 28%|OA|  |TAMS 0x00000000ffe00000, 0x00000000ffe00000| Untracked 
| 977|0x00000000fff00000, 0x00000000fff6c000, 0x0000000100000000| 42%|CA|  |TAMS 0x00000000fff00000, 0x00000000fff00000| Untracked 

Card table byte_map: [0x00007f3bb6d54000,0x00007f3bb6f3d000] _byte_map_base: 0x00007f3bb673d000

Marking Bits (Prev, Next): (CMBitMap*) 0x00007f3bb0044c18, (CMBitMap*) 0x00007f3bb0044c50
 Prev Bits: [0x00007f3bb5c23000, 0x00007f3bb6b6b000)
 Next Bits: [0x00007f3bb4cdb000, 0x00007f3bb5c23000)

Polling page: 0x00007f3bb9127000

Metaspace:

Usage:
  Non-class:      6.83 MB capacity,     6.64 MB ( 97%) used,   168.43 KB (  2%) free+waste,    25.00 KB ( <1%) overhead. 
      Class:    977.00 KB capacity,   842.45 KB ( 86%) used,   121.23 KB ( 12%) free+waste,    13.31 KB (  1%) overhead. 
       Both:      7.78 MB capacity,     7.46 MB ( 96%) used,   289.66 KB (  4%) free+waste,    38.31 KB ( <1%) overhead. 

Virtual space:
  Non-class space:        8.00 MB reserved,       7.00 MB ( 88%) committed 
      Class space:        1.00 GB reserved,       1.00 MB ( <1%) committed 
             Both:        1.01 GB reserved,       8.00 MB ( <1%) committed 

Chunk freelists:
   Non-Class:  46.00 KB
       Class:  15.00 KB
        Both:  61.00 KB

MaxMetaspaceSize: unlimited
CompressedClassSpaceSize: 1.00 GB
Initial GC threshold: 20.80 MB
Current GC threshold: 20.80 MB
CDS: on

CodeHeap 'non-profiled nmethods': size=120036Kb used=513Kb max_used=513Kb free=119522Kb
 bounds [0x00007f3ba00c7000, 0x00007f3ba0337000, 0x00007f3ba7600000]
CodeHeap 'profiled nmethods': size=120032Kb used=2750Kb max_used=2750Kb free=117281Kb
 bounds [0x00007f3b98b8f000, 0x00007f3b98e3f000, 0x00007f3ba00c7000]
CodeHeap 'non-nmethods': size=5692Kb used=1190Kb max_used=1212Kb free=4501Kb
 bounds [0x00007f3b98600000, 0x00007f3b98870000, 0x00007f3b98b8f000]
 total_blobs=1864 nmethods=1414 adapters=364
 compilation: enabled
              stopped_count=0, restarted_count=0
 full_count=0

Compilation events (20 events):
Event: 329780.811 Thread 0x00007f3bb00c4000 1407       4       java.util.AbstractCollection::isEmpty (13 bytes)
Event: 329780.811 Thread 0x00007f3bb00c4000 nmethod 1407 0x00007f3ba013c110 code [0x00007f3ba013c2a0, 0x00007f3ba013c338]
Event: 329820.846 Thread 0x00007f3bb00c4000 1408       4       java.util.HashMap::putVal (300 bytes)
Event: 329820.866 Thread 0x00007f3bb00c4000 nmethod 1408 0x00007f3ba013c410 code [0x00007f3ba013c660, 0x00007f3ba013d5a0]
Event: 329830.856 Thread 0x00007f3bb00c4000 1409       4       java.util.HashMap::removeNode (291 bytes)
Event: 329830.862 Thread 0x00007f3bb00c4000 nmethod 1409 0x00007f3ba013dc10 code [0x00007f3ba013de00, 0x00007f3ba013e5b8]
Event: 329920.940 Thread 0x00007f3bb00c4000 1410       4       java.nio.Buffer::limit (65 bytes)
Event: 329920.941 Thread 0x00007f3bb00c4000 nmethod 1410 0x00007f3ba013ea90 code [0x00007f3ba013ec20, 0x00007f3ba013ed18]
Event: 329954.547 Thread 0x00007f3bb00c6000 1411       3       java.util.Calendar::internalSet (8 bytes)
Event: 329954.547 Thread 0x00007f3bb00c6000 nmethod 1411 0x00007f3b98e3e590 code [0x00007f3b98e3e740, 0x00007f3b98e3e890]
Event: 329981.603 Thread 0x00007f3bb00c6000 1412       1       org.apache.log4j.Category::getName (5 bytes)
Event: 329981.603 Thread 0x00007f3bb00c6000 nmethod 1412 0x00007f3ba013ee10 code [0x00007f3ba013efc0, 0x00007f3ba013f090]
Event: 332244.642 Thread 0x00007f3bb00c4000 1413       4       java.util.ArrayList::<init> (63 bytes)
Event: 332244.646 Thread 0x00007f3bb00c4000 nmethod 1413 0x00007f3ba013f110 code [0x00007f3ba013f2e0, 0x00007f3ba013f788]
Event: 368236.789 Thread 0x00007f3bb00c4000 1414 % !   4       org.apache.zookeeper.server.NIOServerCnxnFactory::run @ 0 (399 bytes)
Event: 368237.049 Thread 0x00007f3bb00c4000 nmethod 1414% 0x00007f3ba013f990 code [0x00007f3ba013fe00, 0x00007f3ba0142568]
Event: 369055.603 Thread 0x00007f3bb00c4000 1415 %s!   4       org.apache.zookeeper.server.SessionTrackerImpl::run @ 0 (153 bytes)
Event: 369055.645 Thread 0x00007f3bb00c4000 nmethod 1415% 0x00007f3ba0144310 code [0x00007f3ba01445c0, 0x00007f3ba0145d20]
Event: 377921.604 Thread 0x00007f3bb00c4000 1416       4       java.util.HashMap::remove (26 bytes)
Event: 377921.655 Thread 0x00007f3bb00c4000 nmethod 1416 0x00007f3ba0146910 code [0x00007f3ba0146b00, 0x00007f3ba0147238]

GC Heap History (10 events):
Event: 0.212 GC heap before
{Heap before GC invocations=0 (full 0):
 garbage-first heap   total 65536K, used 7888K [0x00000000c2e00000, 0x0000000100000000)
  region size 1024K, 7 young (7168K), 0 survivors (0K)
 Metaspace       used 5236K, capacity 5550K, committed 5632K, reserved 1056768K
  class space    used 612K, capacity 706K, committed 768K, reserved 1048576K
}
Event: 0.215 GC heap after
{Heap after GC invocations=1 (full 0):
 garbage-first heap   total 65536K, used 2507K [0x00000000c2e00000, 0x0000000100000000)
  region size 1024K, 1 young (1024K), 1 survivors (1024K)
 Metaspace       used 5236K, capacity 5550K, committed 5632K, reserved 1056768K
  class space    used 612K, capacity 706K, committed 768K, reserved 1048576K
}
Event: 0.344 GC heap before
{Heap before GC invocations=1 (full 0):
 garbage-first heap   total 65536K, used 5579K [0x00000000c2e00000, 0x0000000100000000)
  region size 1024K, 4 young (4096K), 1 survivors (1024K)
 Metaspace       used 6421K, capacity 6710K, committed 6784K, reserved 1056768K
  class space    used 748K, capacity 879K, committed 896K, reserved 1048576K
}
Event: 0.347 GC heap after
{Heap after GC invocations=2 (full 0):
 garbage-first heap   total 65536K, used 3389K [0x00000000c2e00000, 0x0000000100000000)
  region size 1024K, 1 young (1024K), 1 survivors (1024K)
 Metaspace       used 6421K, capacity 6710K, committed 6784K, reserved 1056768K
  class space    used 748K, capacity 879K, committed 896K, reserved 1048576K
}
Event: 84203.883 GC heap before
{Heap before GC invocations=2 (full 0):
 garbage-first heap   total 65536K, used 14653K [0x00000000c2e00000, 0x0000000100000000)
  region size 1024K, 12 young (12288K), 1 survivors (1024K)
 Metaspace       used 6854K, capacity 7197K, committed 7424K, reserved 1056768K
  class space    used 789K, capacity 913K, committed 1024K, reserved 1048576K
}
Event: 84203.887 GC heap after
{Heap after GC invocations=3 (full 0):
 garbage-first heap   total 65536K, used 3430K [0x00000000c2e00000, 0x0000000100000000)
  region size 1024K, 1 young (1024K), 1 survivors (1024K)
 Metaspace       used 6854K, capacity 7197K, committed 7424K, reserved 1056768K
  class space    used 789K, capacity 913K, committed 1024K, reserved 1048576K
}
Event: 290772.449 GC heap before
{Heap before GC invocations=3 (full 0):
 garbage-first heap   total 65536K, used 20838K [0x00000000c2e00000, 0x0000000100000000)
  region size 1024K, 18 young (18432K), 1 survivors (1024K)
 Metaspace       used 6854K, capacity 7197K, committed 7424K, reserved 1056768K
  class space    used 789K, capacity 913K, committed 1024K, reserved 1048576K
}
Event: 290772.471 GC heap after
{Heap after GC invocations=4 (full 0):
 garbage-first heap   total 65536K, used 3382K [0x00000000c2e00000, 0x0000000100000000)
  region size 1024K, 1 young (1024K), 1 survivors (1024K)
 Metaspace       used 6854K, capacity 7197K, committed 7424K, reserved 1056768K
  class space    used 789K, capacity 913K, committed 1024K, reserved 1048576K
}
Event: 520714.188 GC heap before
{Heap before GC invocations=4 (full 0):
 garbage-first heap   total 65536K, used 28982K [0x00000000c2e00000, 0x0000000100000000)
  region size 1024K, 26 young (26624K), 1 survivors (1024K)
 Metaspace       used 7641K, capacity 7971K, committed 8192K, reserved 1056768K
  class space    used 842K, capacity 977K, committed 1024K, reserved 1048576K
}
Event: 520734.120 GC heap after
{Heap after GC invocations=5 (full 0):
 garbage-first heap   total 65536K, used 3424K [0x00000000c2e00000, 0x0000000100000000)
  region size 1024K, 1 young (1024K), 1 survivors (1024K)
 Metaspace       used 7641K, capacity 7971K, committed 8192K, reserved 1056768K
  class space    used 842K, capacity 977K, committed 1024K, reserved 1048576K
}

Deoptimization events (20 events):
Event: 329287.708 Thread 0x00007f3bb02fc800 Uncommon trap: trap_request=0xffffffc6 fr.pc=0x00007f3ba013c024 relative=0x0000000000000084
Event: 329287.708 Thread 0x00007f3bb02fc800 Uncommon trap: reason=bimorphic_or_optimized_type_check action=maybe_recompile pc=0x00007f3ba013c024 method=java.util.AbstractCollection.isEmpty()Z @ 1 c2
Event: 329287.708 Thread 0x00007f3bb02fc800 DEOPT PACKING pc=0x00007f3ba013c024 sp=0x00007f3b886fc8e0
Event: 329287.708 Thread 0x00007f3bb02fc800 DEOPT UNPACKING pc=0x00007f3b986082a5 sp=0x00007f3b886fc890 mode 2
Event: 329287.714 Thread 0x00007f3bb02fc800 Uncommon trap: trap_request=0xffffffc6 fr.pc=0x00007f3ba013c024 relative=0x0000000000000084
Event: 329287.714 Thread 0x00007f3bb02fc800 Uncommon trap: reason=bimorphic_or_optimized_type_check action=maybe_recompile pc=0x00007f3ba013c024 method=java.util.AbstractCollection.isEmpty()Z @ 1 c2
Event: 329287.714 Thread 0x00007f3bb02fc800 DEOPT PACKING pc=0x00007f3ba013c024 sp=0x00007f3b886fc8e0
Event: 329287.714 Thread 0x00007f3bb02fc800 DEOPT UNPACKING pc=0x00007f3b986082a5 sp=0x00007f3b886fc890 mode 2
Event: 329287.714 Thread 0x00007f3bb02fc800 Uncommon trap: trap_request=0xffffffc6 fr.pc=0x00007f3ba013c024 relative=0x0000000000000084
Event: 329287.714 Thread 0x00007f3bb02fc800 Uncommon trap: reason=bimorphic_or_optimized_type_check action=maybe_recompile pc=0x00007f3ba013c024 method=java.util.AbstractCollection.isEmpty()Z @ 1 c2
Event: 329287.714 Thread 0x00007f3bb02fc800 DEOPT PACKING pc=0x00007f3ba013c024 sp=0x00007f3b886fc950
Event: 329287.714 Thread 0x00007f3bb02fc800 DEOPT UNPACKING pc=0x00007f3b986082a5 sp=0x00007f3b886fc900 mode 2
Event: 329289.779 Thread 0x00007f3bb02fc800 Uncommon trap: trap_request=0xffffffc6 fr.pc=0x00007f3ba013c024 relative=0x0000000000000084
Event: 329289.779 Thread 0x00007f3bb02fc800 Uncommon trap: reason=bimorphic_or_optimized_type_check action=maybe_recompile pc=0x00007f3ba013c024 method=java.util.AbstractCollection.isEmpty()Z @ 1 c2
Event: 329289.779 Thread 0x00007f3bb02fc800 DEOPT PACKING pc=0x00007f3ba013c024 sp=0x00007f3b886fc950
Event: 329289.779 Thread 0x00007f3bb02fc800 DEOPT UNPACKING pc=0x00007f3b986082a5 sp=0x00007f3b886fc900 mode 2
Event: 376440.639 Thread 0x00007f3bb02eb800 DEOPT PACKING pc=0x00007f3b98d70dc5 sp=0x00007f3b888fc810
Event: 376440.639 Thread 0x00007f3bb02eb800 DEOPT UNPACKING pc=0x00007f3b986499fa sp=0x00007f3b888fbdc0 mode 0
Event: 377247.603 Thread 0x00007f3bb02f8800 DEOPT PACKING pc=0x00007f3b98d755aa sp=0x00007f3b887fc8a0
Event: 377247.603 Thread 0x00007f3bb02f8800 DEOPT UNPACKING pc=0x00007f3b986499fa sp=0x00007f3b887fbe40 mode 0

Classes redefined (0 events):
No events

Internal exceptions (20 events):
Event: 0.091 Thread 0x00007f3bb0015800 Exception <a 'java/lang/IncompatibleClassChangeError'{0x00000000c692e800}: Found class java.lang.Object, but interface was expected> (0x00000000c692e800) thrown at [./src/hotspot/share/interpreter/linkResolver.cpp, line 839]
Event: 0.113 Thread 0x00007f3bb0015800 Exception <a 'java/lang/NoSuchMethodError'{0x00000000c69f9010}: 'java.lang.Object java.lang.invoke.DirectMethodHandle$Holder.invokeStatic(java.lang.Object, java.lang.Object, java.lang.Object, java.lang.Object, java.lang.Object, java.lang.Object, java.lang.Object, java.lang.Object, java.lang.Object, java.lang.Object, java.lang.Object, int)'> (0x00000000c69f9010) thrown at [./src/hotspot/share/interpreter/linkResolver.cpp, line 772]
Event: 0.114 Thread 0x00007f3bb0015800 Exception <a 'java/lang/NoSuchMethodError'{0x00000000c6817d60}: 'java.lang.Object java.lang.invoke.DirectMethodHandle$Holder.invokeStatic(java.lang.Object, java.lang.Object, java.lang.Object, java.lang.Object, java.lang.Object, java.lang.Object, java.lang.Object, java.lang.Object, java.lang.Object, java.lang.Object, java.lang.Object, int, int)'> (0x00000000c6817d60) thrown at [./src/hotspot/share/interpreter/linkResolver.cpp, line 772]
Event: 0.116 Thread 0x00007f3bb0015800 Exception <a 'java/lang/NoSuchMethodError'{0x00000000c6837320}: 'java.lang.Object java.lang.invoke.DirectMethodHandle$Holder.invokeStatic(java.lang.Object, java.lang.Object, java.lang.Object, java.lang.Object, java.lang.Object, java.lang.Object, java.lang.Object, java.lang.Object, java.lang.Object, java.lang.Object, java.lang.Object, int, int, java.lang.Object)'> (0x00000000c6837320) thrown at [./src/hotspot/share/interpreter/linkResolver.cpp, line 772]
Event: 0.117 Thread 0x00007f3bb0015800 Exception <a 'java/lang/NoSuchMethodError'{0x00000000c6858008}: 'java.lang.Object java.lang.invoke.DirectMethodHandle$Holder.invokeStatic(java.lang.Object, java.lang.Object, java.lang.Object, java.lang.Object, java.lang.Object, java.lang.Object, java.lang.Object, java.lang.Object, java.lang.Object, java.lang.Object, java.lang.Object, int, int, java.lang.Object, java.lang.Object)'> (0x00000000c6858008) thrown at [./src/hotspot/share/interpreter/linkResolver.cpp, line 772]
Event: 0.125 Thread 0x00007f3bb0015800 Exception <a 'java/lang/NoSuchMethodError'{0x00000000c68b1680}: 'int java.lang.invoke.DirectMethodHandle$Holder.invokeSpecialIFC(java.lang.Object, java.lang.Object, int)'> (0x00000000c68b1680) thrown at [./src/hotspot/share/interpreter/linkResolver.cpp, line 772]
Event: 0.164 Thread 0x00007f3bb0015800 Exception <a 'java/lang/NoSuchMethodError'{0x00000000c66431e0}: 'int java.lang.invoke.DirectMethodHandle$Holder.invokeSpecialIFC(java.lang.Object, java.lang.Object, java.lang.Object)'> (0x00000000c66431e0) thrown at [./src/hotspot/share/interpreter/linkResolver.cpp, line 772]
Event: 0.180 Thread 0x00007f3bb0015800 Exception <a 'java/lang/ClassNotFoundException'{0x00000000c66b2130}: javax/management/remote/rmi/RMIServerImpl_Skel> (0x00000000c66b2130) thrown at [./src/hotspot/share/classfile/systemDictionary.cpp, line 230]
Event: 0.219 Thread 0x00007f3bb0015800 Exception <a 'java/lang/ClassNotFoundException'{0x00000000c6b30110}: org/apache/log4j/PatternLayoutBeanInfo> (0x00000000c6b30110) thrown at [./src/hotspot/share/classfile/systemDictionary.cpp, line 230]
Event: 0.220 Thread 0x00007f3bb0015800 Exception <a 'java/lang/ClassNotFoundException'{0x00000000c6b337b0}: org/apache/log4j/LayoutBeanInfo> (0x00000000c6b337b0) thrown at [./src/hotspot/share/classfile/systemDictionary.cpp, line 230]
Event: 0.220 Thread 0x00007f3bb0015800 Exception <a 'java/lang/ClassNotFoundException'{0x00000000c6b34248}: java/lang/ObjectBeanInfo> (0x00000000c6b34248) thrown at [./src/hotspot/share/classfile/systemDictionary.cpp, line 230]
Event: 0.220 Thread 0x00007f3bb0015800 Exception <a 'java/lang/ClassNotFoundException'{0x00000000c6b36028}: java/lang/ObjectCustomizer> (0x00000000c6b36028) thrown at [./src/hotspot/share/classfile/systemDictionary.cpp, line 230]
Event: 0.223 Thread 0x00007f3bb0015800 Exception <a 'java/lang/ClassNotFoundException'{0x00000000c6b49310}: org/apache/log4j/LayoutCustomizer> (0x00000000c6b49310) thrown at [./src/hotspot/share/classfile/systemDictionary.cpp, line 230]
Event: 0.224 Thread 0x00007f3bb0015800 Exception <a 'java/lang/ClassNotFoundException'{0x00000000c6b5aa80}: org/apache/log4j/PatternLayoutCustomizer> (0x00000000c6b5aa80) thrown at [./src/hotspot/share/classfile/systemDictionary.cpp, line 230]
Event: 0.241 Thread 0x00007f3bb0015800 Exception <a 'java/lang/ClassNotFoundException'{0x00000000c6a85e50}: org/apache/log4j/ConsoleAppenderBeanInfo> (0x00000000c6a85e50) thrown at [./src/hotspot/share/classfile/systemDictionary.cpp, line 230]
Event: 0.242 Thread 0x00007f3bb0015800 Exception <a 'java/lang/ClassNotFoundException'{0x00000000c6a89c90}: org/apache/log4j/WriterAppenderBeanInfo> (0x00000000c6a89c90) thrown at [./src/hotspot/share/classfile/systemDictionary.cpp, line 230]
Event: 0.242 Thread 0x00007f3bb0015800 Exception <a 'java/lang/ClassNotFoundException'{0x00000000c6a8e0c0}: org/apache/log4j/AppenderSkeletonBeanInfo> (0x00000000c6a8e0c0) thrown at [./src/hotspot/share/classfile/systemDictionary.cpp, line 230]
Event: 0.242 Thread 0x00007f3bb0015800 Exception <a 'java/lang/ClassNotFoundException'{0x00000000c6a92090}: org/apache/log4j/AppenderSkeletonCustomizer> (0x00000000c6a92090) thrown at [./src/hotspot/share/classfile/systemDictionary.cpp, line 230]
Event: 0.243 Thread 0x00007f3bb0015800 Exception <a 'java/lang/ClassNotFoundException'{0x00000000c6aa3900}: org/apache/log4j/WriterAppenderCustomizer> (0x00000000c6aa3900) thrown at [./src/hotspot/share/classfile/systemDictionary.cpp, line 230]
Event: 0.244 Thread 0x00007f3bb0015800 Exception <a 'java/lang/ClassNotFoundException'{0x00000000c6ab1b40}: org/apache/log4j/ConsoleAppenderCustomizer> (0x00000000c6ab1b40) thrown at [./src/hotspot/share/classfile/systemDictionary.cpp, line 230]

Events (20 events):
Event: 329287.708 Executing VM operation: RevokeBias done
Event: 329287.708 Executing VM operation: RevokeBias
Event: 329287.708 Executing VM operation: RevokeBias done
Event: 329357.370 Executing VM operation: RevokeBias
Event: 329357.370 Executing VM operation: RevokeBias done
Event: 329381.603 Executing VM operation: RevokeBias
Event: 329381.603 Executing VM operation: RevokeBias done
Event: 329954.547 Executing VM operation: RevokeBias
Event: 329954.548 Executing VM operation: RevokeBias done
Event: 520706.990 loading class jdk/internal/misc/Signal$1
Event: 520708.407 loading class jdk/internal/misc/Signal$1 done
Event: 520711.928 Thread 0x00007f3b6c00b000 Thread added: 0x00007f3b6c00b000
Event: 520712.084 Protecting memory [0x00007f3b883fe000,0x00007f3b88402000] with protection modes 0
Event: 520713.376 Executing VM operation: G1CollectForAllocation
Event: 520734.133 Executing VM operation: G1CollectForAllocation done
Event: 520734.612 Thread 0x00007f3b74001800 Thread added: 0x00007f3b74001800
Event: 520734.628 Protecting memory [0x00007f3b882fe000,0x00007f3b88302000] with protection modes 0
Event: 520737.157 Thread 0x00007f3b74001800 Thread exited: 0x00007f3b74001800
Event: 520737.739 Thread 0x00007f3bb00c0000 Thread exited: 0x00007f3bb00c0000
Event: 520737.739 Executing VM operation: Exit


Dynamic libraries:
c2e00000-c6c00000 rw-p 00000000 00:00 0 
c6c00000-ffe00000 ---p 00000000 00:00 0 
ffe00000-ffe48000 rw-p 00b13000 08:03 790813                             /usr/lib/jvm/java-11-openjdk-amd64/lib/server/classes.jsa
ffe48000-fff00000 rw-p 00000000 00:00 0 
fff00000-fff6c000 rw-p 00aa7000 08:03 790813                             /usr/lib/jvm/java-11-openjdk-amd64/lib/server/classes.jsa
fff6c000-100000000 rw-p 00000000 00:00 0 
800000000-800002000 rwxp 00001000 08:03 790813                           /usr/lib/jvm/java-11-openjdk-amd64/lib/server/classes.jsa
800002000-8003ce000 rw-p 00003000 08:03 790813                           /usr/lib/jvm/java-11-openjdk-amd64/lib/server/classes.jsa
8003ce000-800aa5000 r--p 003cf000 08:03 790813                           /usr/lib/jvm/java-11-openjdk-amd64/lib/server/classes.jsa
800aa5000-800aa6000 rw-p 00aa6000 08:03 790813                           /usr/lib/jvm/java-11-openjdk-amd64/lib/server/classes.jsa
840000000-840100000 rw-p 00000000 00:00 0 
840100000-880000000 ---p 00000000 00:00 0 
56372e8cd000-56372e8ce000 r--p 00000000 08:03 790711                     /usr/lib/jvm/java-11-openjdk-amd64/bin/java
56372e8ce000-56372e8cf000 r-xp 00001000 08:03 790711                     /usr/lib/jvm/java-11-openjdk-amd64/bin/java
56372e8cf000-56372e8d0000 r--p 00002000 08:03 790711                     /usr/lib/jvm/java-11-openjdk-amd64/bin/java
56372e8d0000-56372e8d1000 r--p 00002000 08:03 790711                     /usr/lib/jvm/java-11-openjdk-amd64/bin/java
56372e8d1000-56372e8d2000 rw-p 00003000 08:03 790711                     /usr/lib/jvm/java-11-openjdk-amd64/bin/java
56372f16c000-56372f18d000 rw-p 00000000 00:00 0                          [heap]
7f3b5c000000-7f3b5c021000 rw-p 00000000 00:00 0 
7f3b5c021000-7f3b60000000 ---p 00000000 00:00 0 
7f3b60000000-7f3b60021000 rw-p 00000000 00:00 0 
7f3b60021000-7f3b64000000 ---p 00000000 00:00 0 
7f3b64000000-7f3b648c6000 rw-p 00000000 00:00 0 
7f3b648c6000-7f3b68000000 ---p 00000000 00:00 0 
7f3b68000000-7f3b68697000 rw-p 00000000 00:00 0 
7f3b68697000-7f3b6c000000 ---p 00000000 00:00 0 
7f3b6c000000-7f3b6c021000 rw-p 00000000 00:00 0 
7f3b6c021000-7f3b70000000 ---p 00000000 00:00 0 
7f3b70000000-7f3b70021000 rw-p 00000000 00:00 0 
7f3b70021000-7f3b74000000 ---p 00000000 00:00 0 
7f3b74000000-7f3b74021000 rw-p 00000000 00:00 0 
7f3b74021000-7f3b78000000 ---p 00000000 00:00 0 
7f3b78000000-7f3b78021000 rw-p 00000000 00:00 0 
7f3b78021000-7f3b7c000000 ---p 00000000 00:00 0 
7f3b7c000000-7f3b7c021000 rw-p 00000000 00:00 0 
7f3b7c021000-7f3b80000000 ---p 00000000 00:00 0 
7f3b80000000-7f3b80054000 rw-p 00000000 00:00 0 
7f3b80054000-7f3b84000000 ---p 00000000 00:00 0 
7f3b84000000-7f3b84021000 rw-p 00000000 00:00 0 
7f3b84021000-7f3b88000000 ---p 00000000 00:00 0 
7f3b882fe000-7f3b88302000 ---p 00000000 00:00 0 
7f3b88302000-7f3b883fe000 rw-p 00000000 00:00 0 
7f3b883fe000-7f3b88402000 ---p 00000000 00:00 0 
7f3b88402000-7f3b884fe000 rw-p 00000000 00:00 0 
7f3b884fe000-7f3b88502000 ---p 00000000 00:00 0 
7f3b88502000-7f3b885fe000 rw-p 00000000 00:00 0 
7f3b885fe000-7f3b88602000 ---p 00000000 00:00 0 
7f3b88602000-7f3b886fe000 rw-p 00000000 00:00 0 
7f3b886fe000-7f3b88702000 ---p 00000000 00:00 0 
7f3b88702000-7f3b887fe000 rw-p 00000000 00:00 0 
7f3b887fe000-7f3b88802000 ---p 00000000 00:00 0 
7f3b88802000-7f3b888fe000 rw-p 00000000 00:00 0 
7f3b888fe000-7f3b888ff000 ---p 00000000 00:00 0 
7f3b888ff000-7f3b88a00000 rw-p 00000000 00:00 0 
7f3b88a00000-7f3b897e7000 r--p 00000000 08:03 661254                     /usr/lib/locale/locale-archive
7f3b89800000-7f3b89f00000 rw-p 00000000 00:00 0 
7f3b89f00000-7f3b8a000000 ---p 00000000 00:00 0 
7f3b8a000000-7f3b8c000000 rw-p 00000000 00:00 0 
7f3b8c000000-7f3b8c021000 rw-p 00000000 00:00 0 
7f3b8c021000-7f3b90000000 ---p 00000000 00:00 0 
7f3b90000000-7f3b90021000 rw-p 00000000 00:00 0 
7f3b90021000-7f3b94000000 ---p 00000000 00:00 0 
7f3b94000000-7f3b94021000 rw-p 00000000 00:00 0 
7f3b94021000-7f3b98000000 ---p 00000000 00:00 0 
7f3b980fc000-7f3b980fd000 ---p 00000000 00:00 0 
7f3b980fd000-7f3b981fe000 rw-p 00000000 00:00 0 
7f3b981fe000-7f3b981ff000 ---p 00000000 00:00 0 
7f3b981ff000-7f3b98300000 rw-p 00000000 00:00 0 
7f3b98300000-7f3b98304000 ---p 00000000 00:00 0 
7f3b98304000-7f3b98400000 rw-p 00000000 00:00 0 
7f3b98400000-7f3b98404000 ---p 00000000 00:00 0 
7f3b98404000-7f3b98500000 rw-p 00000000 00:00 0 
7f3b98500000-7f3b98504000 ---p 00000000 00:00 0 
7f3b98504000-7f3b98600000 rw-p 00000000 00:00 0 
7f3b98600000-7f3b98870000 rwxp 00000000 00:00 0 
7f3b98870000-7f3b98b8f000 ---p 00000000 00:00 0 
7f3b98b8f000-7f3b98e3f000 rwxp 00000000 00:00 0 
7f3b98e3f000-7f3ba00c7000 ---p 00000000 00:00 0 
7f3ba00c7000-7f3ba0337000 rwxp 00000000 00:00 0 
7f3ba0337000-7f3ba7600000 ---p 00000000 00:00 0 
7f3ba7600000-7f3bafe0f000 r--s 00000000 08:03 790789                     /usr/lib/jvm/java-11-openjdk-amd64/lib/modules
7f3baff00000-7f3baff04000 ---p 00000000 00:00 0 
7f3baff04000-7f3bb0000000 rw-p 00000000 00:00 0 
7f3bb0000000-7f3bb0309000 rw-p 00000000 00:00 0 
7f3bb0309000-7f3bb4000000 ---p 00000000 00:00 0 
7f3bb404e000-7f3bb4052000 ---p 00000000 00:00 0 
7f3bb4052000-7f3bb414e000 rw-p 00000000 00:00 0 
7f3bb414e000-7f3bb4152000 ---p 00000000 00:00 0 
7f3bb4152000-7f3bb424e000 rw-p 00000000 00:00 0 
7f3bb424e000-7f3bb4252000 ---p 00000000 00:00 0 
7f3bb4252000-7f3bb434e000 rw-p 00000000 00:00 0 
7f3bb434e000-7f3bb4352000 ---p 00000000 00:00 0 
7f3bb4352000-7f3bb444e000 rw-p 00000000 00:00 0 
7f3bb444e000-7f3bb4452000 ---p 00000000 00:00 0 
7f3bb4452000-7f3bb454e000 rw-p 00000000 00:00 0 
7f3bb454e000-7f3bb454f000 ---p 00000000 00:00 0 
7f3bb454f000-7f3bb46d1000 rw-p 00000000 00:00 0 
7f3bb46d1000-7f3bb46d2000 ---p 00000000 00:00 0 
7f3bb46d2000-7f3bb47d3000 rw-p 00000000 00:00 0 
7f3bb47d3000-7f3bb47d4000 ---p 00000000 00:00 0 
7f3bb47d4000-7f3bb4ad7000 rw-p 00000000 00:00 0 
7f3bb4ad7000-7f3bb4ad8000 ---p 00000000 00:00 0 
7f3bb4ad8000-7f3bb4bd9000 rw-p 00000000 00:00 0 
7f3bb4bd9000-7f3bb4bda000 ---p 00000000 00:00 0 
7f3bb4bda000-7f3bb4dd3000 rw-p 00000000 00:00 0 
7f3bb4dd3000-7f3bb5c1b000 ---p 00000000 00:00 0 
7f3bb5c1b000-7f3bb5d1b000 rw-p 00000000 00:00 0 
7f3bb5d1b000-7f3bb6b63000 ---p 00000000 00:00 0 
7f3bb6b63000-7f3bb6b8a000 rw-p 00000000 00:00 0 
7f3bb6b8a000-7f3bb6d53000 ---p 00000000 00:00 0 
7f3bb6d53000-7f3bb6d73000 rw-p 00000000 00:00 0 
7f3bb6d73000-7f3bb6f3c000 ---p 00000000 00:00 0 
7f3bb6f3c000-7f3bb6f5c000 rw-p 00000000 00:00 0 
7f3bb6f5c000-7f3bb7125000 ---p 00000000 00:00 0 
7f3bb7125000-7f3bb7328000 rw-p 00000000 00:00 0 
7f3bb7328000-7f3bb7329000 ---p 00000000 00:00 0 
7f3bb7329000-7f3bb742f000 rw-p 00000000 00:00 0 
7f3bb742f000-7f3bb7515000 ---p 00000000 00:00 0 
7f3bb7515000-7f3bb751b000 rw-p 00000000 00:00 0 
7f3bb751b000-7f3bb7600000 ---p 00000000 00:00 0 
7f3bb7600000-7f3bb769a000 r--p 00000000 08:03 691778                     /usr/lib/x86_64-linux-gnu/libstdc++.so.6.0.30
7f3bb769a000-7f3bb77ab000 r-xp 0009a000 08:03 691778                     /usr/lib/x86_64-linux-gnu/libstdc++.so.6.0.30
7f3bb77ab000-7f3bb781a000 r--p 001ab000 08:03 691778                     /usr/lib/x86_64-linux-gnu/libstdc++.so.6.0.30
7f3bb781a000-7f3bb781b000 ---p 0021a000 08:03 691778                     /usr/lib/x86_64-linux-gnu/libstdc++.so.6.0.30
7f3bb781b000-7f3bb7826000 r--p 0021a000 08:03 691778                     /usr/lib/x86_64-linux-gnu/libstdc++.so.6.0.30
7f3bb7826000-7f3bb7829000 rw-p 00225000 08:03 691778                     /usr/lib/x86_64-linux-gnu/libstdc++.so.6.0.30
7f3bb7829000-7f3bb782c000 rw-p 00000000 00:00 0 
7f3bb782d000-7f3bb7834000 r--s 00000000 08:03 1054796                    /usr/lib/x86_64-linux-gnu/gconv/gconv-modules.cache
7f3bb7834000-7f3bb7865000 rw-p 00000000 00:00 0 
7f3bb7865000-7f3bb7869000 r--p 00000000 08:03 790779                     /usr/lib/jvm/java-11-openjdk-amd64/lib/libnet.so
7f3bb7869000-7f3bb7877000 r-xp 00004000 08:03 790779                     /usr/lib/jvm/java-11-openjdk-amd64/lib/libnet.so
7f3bb7877000-7f3bb787b000 r--p 00012000 08:03 790779                     /usr/lib/jvm/java-11-openjdk-amd64/lib/libnet.so
7f3bb787b000-7f3bb787c000 r--p 00015000 08:03 790779                     /usr/lib/jvm/java-11-openjdk-amd64/lib/libnet.so
7f3bb787c000-7f3bb787d000 rw-p 00016000 08:03 790779                     /usr/lib/jvm/java-11-openjdk-amd64/lib/libnet.so
7f3bb787d000-7f3bb7900000 rw-p 00000000 00:00 0 
7f3bb7900000-7f3bb7904000 ---p 00000000 00:00 0 
7f3bb7904000-7f3bb7a00000 rw-p 00000000 00:00 0 
7f3bb7a00000-7f3bb7c82000 r--p 00000000 08:03 790792                     /usr/lib/jvm/java-11-openjdk-amd64/lib/server/libjvm.so
7f3bb7c82000-7f3bb891f000 r-xp 00282000 08:03 790792                     /usr/lib/jvm/java-11-openjdk-amd64/lib/server/libjvm.so
7f3bb891f000-7f3bb8b7a000 r--p 00f1f000 08:03 790792                     /usr/lib/jvm/java-11-openjdk-amd64/lib/server/libjvm.so
7f3bb8b7a000-7f3bb8b7b000 ---p 0117a000 08:03 790792                     /usr/lib/jvm/java-11-openjdk-amd64/lib/server/libjvm.so
7f3bb8b7b000-7f3bb8c3f000 r--p 0117a000 08:03 790792                     /usr/lib/jvm/java-11-openjdk-amd64/lib/server/libjvm.so
7f3bb8c3f000-7f3bb8c7a000 rw-p 0123e000 08:03 790792                     /usr/lib/jvm/java-11-openjdk-amd64/lib/server/libjvm.so
7f3bb8c7a000-7f3bb8cd1000 rw-p 00000000 00:00 0 
7f3bb8cd4000-7f3bb8cd6000 r--p 00000000 08:03 790777                     /usr/lib/jvm/java-11-openjdk-amd64/lib/libmanagement_ext.so
7f3bb8cd6000-7f3bb8cd9000 r-xp 00002000 08:03 790777                     /usr/lib/jvm/java-11-openjdk-amd64/lib/libmanagement_ext.so
7f3bb8cd9000-7f3bb8cdb000 r--p 00005000 08:03 790777                     /usr/lib/jvm/java-11-openjdk-amd64/lib/libmanagement_ext.so
7f3bb8cdb000-7f3bb8cdc000 r--p 00006000 08:03 790777                     /usr/lib/jvm/java-11-openjdk-amd64/lib/libmanagement_ext.so
7f3bb8cdc000-7f3bb8cdd000 rw-p 00007000 08:03 790777                     /usr/lib/jvm/java-11-openjdk-amd64/lib/libmanagement_ext.so
7f3bb8cdd000-7f3bb8ce0000 r--p 00000000 08:03 790775                     /usr/lib/jvm/java-11-openjdk-amd64/lib/libmanagement.so
7f3bb8ce0000-7f3bb8ce1000 r-xp 00003000 08:03 790775                     /usr/lib/jvm/java-11-openjdk-amd64/lib/libmanagement.so
7f3bb8ce1000-7f3bb8ce2000 r--p 00004000 08:03 790775                     /usr/lib/jvm/java-11-openjdk-amd64/lib/libmanagement.so
7f3bb8ce2000-7f3bb8ce3000 r--p 00004000 08:03 790775                     /usr/lib/jvm/java-11-openjdk-amd64/lib/libmanagement.so
7f3bb8ce3000-7f3bb8ce4000 rw-p 00005000 08:03 790775                     /usr/lib/jvm/java-11-openjdk-amd64/lib/libmanagement.so
7f3bb8ce4000-7f3bb8ceb000 r--p 00000000 08:03 790780                     /usr/lib/jvm/java-11-openjdk-amd64/lib/libnio.so
7f3bb8ceb000-7f3bb8cf3000 r-xp 00007000 08:03 790780                     /usr/lib/jvm/java-11-openjdk-amd64/lib/libnio.so
7f3bb8cf3000-7f3bb8cf6000 r--p 0000f000 08:03 790780                     /usr/lib/jvm/java-11-openjdk-amd64/lib/libnio.so
7f3bb8cf6000-7f3bb8cf7000 r--p 00011000 08:03 790780                     /usr/lib/jvm/java-11-openjdk-amd64/lib/libnio.so
7f3bb8cf7000-7f3bb8cf8000 rw-p 00012000 08:03 790780                     /usr/lib/jvm/java-11-openjdk-amd64/lib/libnio.so
7f3bb8cf8000-7f3bb8d19000 rw-p 00000000 00:00 0 
7f3bb8d19000-7f3bb8d27000 r--p 00000000 08:03 664604                     /usr/lib/x86_64-linux-gnu/libm.so.6
7f3bb8d27000-7f3bb8da3000 r-xp 0000e000 08:03 664604                     /usr/lib/x86_64-linux-gnu/libm.so.6
7f3bb8da3000-7f3bb8dfe000 r--p 0008a000 08:03 664604                     /usr/lib/x86_64-linux-gnu/libm.so.6
7f3bb8dfe000-7f3bb8dff000 r--p 000e4000 08:03 664604                     /usr/lib/x86_64-linux-gnu/libm.so.6
7f3bb8dff000-7f3bb8e00000 rw-p 000e5000 08:03 664604                     /usr/lib/x86_64-linux-gnu/libm.so.6
7f3bb8e00000-7f3bb8e28000 r--p 00000000 08:03 663953                     /usr/lib/x86_64-linux-gnu/libc.so.6
7f3bb8e28000-7f3bb8fbd000 r-xp 00028000 08:03 663953                     /usr/lib/x86_64-linux-gnu/libc.so.6
7f3bb8fbd000-7f3bb9015000 r--p 001bd000 08:03 663953                     /usr/lib/x86_64-linux-gnu/libc.so.6
7f3bb9015000-7f3bb9019000 r--p 00214000 08:03 663953                     /usr/lib/x86_64-linux-gnu/libc.so.6
7f3bb9019000-7f3bb901b000 rw-p 00218000 08:03 663953                     /usr/lib/x86_64-linux-gnu/libc.so.6
7f3bb901b000-7f3bb9028000 rw-p 00000000 00:00 0 
7f3bb902a000-7f3bb9071000 rw-p 00000000 00:00 0 
7f3bb9071000-7f3bb9078000 ---p 00000000 00:00 0 
7f3bb9078000-7f3bb907a000 r--p 00000000 08:03 790788                     /usr/lib/jvm/java-11-openjdk-amd64/lib/libzip.so
7f3bb907a000-7f3bb907f000 r-xp 00002000 08:03 790788                     /usr/lib/jvm/java-11-openjdk-amd64/lib/libzip.so
7f3bb907f000-7f3bb9081000 r--p 00007000 08:03 790788                     /usr/lib/jvm/java-11-openjdk-amd64/lib/libzip.so
7f3bb9081000-7f3bb9082000 r--p 00008000 08:03 790788                     /usr/lib/jvm/java-11-openjdk-amd64/lib/libzip.so
7f3bb9082000-7f3bb9083000 rw-p 00009000 08:03 790788                     /usr/lib/jvm/java-11-openjdk-amd64/lib/libzip.so
7f3bb9083000-7f3bb908b000 rw-s 00000000 08:03 1049246                    /tmp/hsperfdata_root/134140 (deleted)
7f3bb908b000-7f3bb9099000 r--p 00000000 08:03 790768                     /usr/lib/jvm/java-11-openjdk-amd64/lib/libjava.so
7f3bb9099000-7f3bb90af000 r-xp 0000e000 08:03 790768                     /usr/lib/jvm/java-11-openjdk-amd64/lib/libjava.so
7f3bb90af000-7f3bb90b6000 r--p 00024000 08:03 790768                     /usr/lib/jvm/java-11-openjdk-amd64/lib/libjava.so
7f3bb90b6000-7f3bb90b7000 r--p 0002a000 08:03 790768                     /usr/lib/jvm/java-11-openjdk-amd64/lib/libjava.so
7f3bb90b7000-7f3bb90b8000 rw-p 0002b000 08:03 790768                     /usr/lib/jvm/java-11-openjdk-amd64/lib/libjava.so
7f3bb90b8000-7f3bb90b9000 rw-p 00000000 00:00 0 
7f3bb90b9000-7f3bb90be000 r--p 00000000 08:03 790787                     /usr/lib/jvm/java-11-openjdk-amd64/lib/libverify.so
7f3bb90be000-7f3bb90c5000 r-xp 00005000 08:03 790787                     /usr/lib/jvm/java-11-openjdk-amd64/lib/libverify.so
7f3bb90c5000-7f3bb90c7000 r--p 0000c000 08:03 790787                     /usr/lib/jvm/java-11-openjdk-amd64/lib/libverify.so
7f3bb90c7000-7f3bb90c9000 r--p 0000d000 08:03 790787                     /usr/lib/jvm/java-11-openjdk-amd64/lib/libverify.so
7f3bb90c9000-7f3bb90ca000 rw-p 0000f000 08:03 790787                     /usr/lib/jvm/java-11-openjdk-amd64/lib/libverify.so
7f3bb90ca000-7f3bb90cb000 r--p 00000000 08:03 664929                     /usr/lib/x86_64-linux-gnu/librt.so.1
7f3bb90cb000-7f3bb90cc000 r-xp 00001000 08:03 664929                     /usr/lib/x86_64-linux-gnu/librt.so.1
7f3bb90cc000-7f3bb90cd000 r--p 00002000 08:03 664929                     /usr/lib/x86_64-linux-gnu/librt.so.1
7f3bb90cd000-7f3bb90ce000 r--p 00002000 08:03 664929                     /usr/lib/x86_64-linux-gnu/librt.so.1
7f3bb90ce000-7f3bb90cf000 rw-p 00003000 08:03 664929                     /usr/lib/x86_64-linux-gnu/librt.so.1
7f3bb90cf000-7f3bb90d2000 r--p 00000000 08:03 691815                     /usr/lib/x86_64-linux-gnu/libgcc_s.so.1
7f3bb90d2000-7f3bb90e9000 r-xp 00003000 08:03 691815                     /usr/lib/x86_64-linux-gnu/libgcc_s.so.1
7f3bb90e9000-7f3bb90ed000 r--p 0001a000 08:03 691815                     /usr/lib/x86_64-linux-gnu/libgcc_s.so.1
7f3bb90ed000-7f3bb90ee000 r--p 0001d000 08:03 691815                     /usr/lib/x86_64-linux-gnu/libgcc_s.so.1
7f3bb90ee000-7f3bb90ef000 rw-p 0001e000 08:03 691815                     /usr/lib/x86_64-linux-gnu/libgcc_s.so.1
7f3bb90ef000-7f3bb90f1000 rw-p 00000000 00:00 0 
7f3bb90f1000-7f3bb90f4000 r--p 00000000 08:03 790753                     /usr/lib/jvm/java-11-openjdk-amd64/lib/jli/libjli.so
7f3bb90f4000-7f3bb90fe000 r-xp 00003000 08:03 790753                     /usr/lib/jvm/java-11-openjdk-amd64/lib/jli/libjli.so
7f3bb90fe000-7f3bb9101000 r--p 0000d000 08:03 790753                     /usr/lib/jvm/java-11-openjdk-amd64/lib/jli/libjli.so
7f3bb9101000-7f3bb9102000 ---p 00010000 08:03 790753                     /usr/lib/jvm/java-11-openjdk-amd64/lib/jli/libjli.so
7f3bb9102000-7f3bb9103000 r--p 00010000 08:03 790753                     /usr/lib/jvm/java-11-openjdk-amd64/lib/jli/libjli.so
7f3bb9103000-7f3bb9104000 rw-p 00011000 08:03 790753                     /usr/lib/jvm/java-11-openjdk-amd64/lib/jli/libjli.so
7f3bb9104000-7f3bb9107000 r--p 00000000 08:03 789416                     /usr/local/lib/libz.so.1.2.13
7f3bb9107000-7f3bb9119000 r-xp 00003000 08:03 789416                     /usr/local/lib/libz.so.1.2.13
7f3bb9119000-7f3bb9120000 r--p 00015000 08:03 789416                     /usr/local/lib/libz.so.1.2.13
7f3bb9120000-7f3bb9121000 r--p 0001b000 08:03 789416                     /usr/local/lib/libz.so.1.2.13
7f3bb9121000-7f3bb9122000 rw-p 0001c000 08:03 789416                     /usr/local/lib/libz.so.1.2.13
7f3bb9122000-7f3bb9123000 r--p 00000000 08:03 790761                     /usr/lib/jvm/java-11-openjdk-amd64/lib/libextnet.so
7f3bb9123000-7f3bb9124000 r-xp 00001000 08:03 790761                     /usr/lib/jvm/java-11-openjdk-amd64/lib/libextnet.so
7f3bb9124000-7f3bb9125000 r--p 00002000 08:03 790761                     /usr/lib/jvm/java-11-openjdk-amd64/lib/libextnet.so
7f3bb9125000-7f3bb9126000 r--p 00002000 08:03 790761                     /usr/lib/jvm/java-11-openjdk-amd64/lib/libextnet.so
7f3bb9126000-7f3bb9127000 rw-p 00003000 08:03 790761                     /usr/lib/jvm/java-11-openjdk-amd64/lib/libextnet.so
7f3bb9127000-7f3bb9128000 ---p 00000000 00:00 0 
7f3bb9128000-7f3bb9129000 r--p 00000000 00:00 0 
7f3bb9129000-7f3bb912b000 r--p 00000000 08:03 790771                     /usr/lib/jvm/java-11-openjdk-amd64/lib/libjimage.so
7f3bb912b000-7f3bb912e000 r-xp 00002000 08:03 790771                     /usr/lib/jvm/java-11-openjdk-amd64/lib/libjimage.so
7f3bb912e000-7f3bb912f000 r--p 00005000 08:03 790771                     /usr/lib/jvm/java-11-openjdk-amd64/lib/libjimage.so
7f3bb912f000-7f3bb9130000 ---p 00006000 08:03 790771                     /usr/lib/jvm/java-11-openjdk-amd64/lib/libjimage.so
7f3bb9130000-7f3bb9131000 r--p 00006000 08:03 790771                     /usr/lib/jvm/java-11-openjdk-amd64/lib/libjimage.so
7f3bb9131000-7f3bb9132000 rw-p 00007000 08:03 790771                     /usr/lib/jvm/java-11-openjdk-amd64/lib/libjimage.so
7f3bb9132000-7f3bb9134000 rw-p 00000000 00:00 0 
7f3bb9134000-7f3bb9136000 r--p 00000000 08:03 663616                     /usr/lib/x86_64-linux-gnu/ld-linux-x86-64.so.2
7f3bb9136000-7f3bb9160000 r-xp 00002000 08:03 663616                     /usr/lib/x86_64-linux-gnu/ld-linux-x86-64.so.2
7f3bb9160000-7f3bb916b000 r--p 0002c000 08:03 663616                     /usr/lib/x86_64-linux-gnu/ld-linux-x86-64.so.2
7f3bb916c000-7f3bb916e000 r--p 00037000 08:03 663616                     /usr/lib/x86_64-linux-gnu/ld-linux-x86-64.so.2
7f3bb916e000-7f3bb9170000 rw-p 00039000 08:03 663616                     /usr/lib/x86_64-linux-gnu/ld-linux-x86-64.so.2
7ffc1dff5000-7ffc1e017000 rw-p 00000000 00:00 0                          [stack]
7ffc1e14d000-7ffc1e151000 r--p 00000000 00:00 0                          [vvar]
7ffc1e151000-7ffc1e153000 r-xp 00000000 00:00 0                          [vdso]
ffffffffff600000-ffffffffff601000 --xp 00000000 00:00 0                  [vsyscall]


VM Arguments:
jvm_args: -Dzookeeper.log.dir=. -Dzookeeper.root.logger=INFO,CONSOLE -Dcom.sun.management.jmxremote -Dcom.sun.management.jmxremote.local.only=false 
java_command: org.apache.zookeeper.server.quorum.QuorumPeerMain /home/zch/桌面/mp_rpc/zookeeper-3.4.10/bin/../conf/zoo.cfg
java_class_path (initial): /home/zch/桌面/mp_rpc/zookeeper-3.4.10/bin/../build/classes:/home/zch/桌面/mp_rpc/zookeeper-3.4.10/bin/../build/lib/*.jar:/home/zch/桌面/mp_rpc/zookeeper-3.4.10/bin/../lib/slf4j-log4j12-1.6.1.jar:/home/zch/桌面/mp_rpc/zookeeper-3.4.10/bin/../lib/slf4j-api-1.6.1.jar:/home/zch/桌面/mp_rpc/zookeeper-3.4.10/bin/../lib/netty-3.10.5.Final.jar:/home/zch/桌面/mp_rpc/zookeeper-3.4.10/bin/../lib/log4j-1.2.16.jar:/home/zch/桌面/mp_rpc/zookeeper-3.4.10/bin/../lib/jline-0.9.94.jar:/home/zch/桌面/mp_rpc/zookeeper-3.4.10/bin/../zookeeper-3.4.10.jar:/home/zch/桌面/mp_rpc/zookeeper-3.4.10/bin/../src/java/lib/*.jar:/home/zch/桌面/mp_rpc/zookeeper-3.4.10/bin/../conf:
Launcher Type: SUN_STANDARD

[Global flags]
     intx CICompilerCount                          = 2                                         {product} {ergonomic}
     uint ConcGCThreads                            = 1                                         {product} {ergonomic}
     uint G1ConcRefinementThreads                  = 2                                         {product} {ergonomic}
   size_t G1HeapRegionSize                         = 1048576                                   {product} {ergonomic}
    uintx GCDrainStackTargetSize                   = 64                                        {product} {ergonomic}
   size_t InitialHeapSize                          = 65011712                                  {product} {ergonomic}
     bool ManagementServer                         = true                                      {product} {command line}
   size_t MarkStackSize                            = 4194304                                   {product} {ergonomic}
   size_t MaxHeapSize                              = 1025507328                                {product} {ergonomic}
   size_t MaxNewSize                               = 614465536                                 {product} {ergonomic}
   size_t MinHeapDeltaBytes                        = 1048576                                   {product} {ergonomic}
    uintx NonNMethodCodeHeapSize                   = 5825164                                {pd product} {ergonomic}
    uintx NonProfiledCodeHeapSize                  = 122916538                              {pd product} {ergonomic}
    uintx ProfiledCodeHeapSize                     = 122916538                              {pd product} {ergonomic}
    uintx ReservedCodeCacheSize                    = 251658240                              {pd product} {ergonomic}
     bool SegmentedCodeCache                       = true                                      {product} {ergonomic}
     bool UseCompressedClassPointers               = true                                 {lp64_product} {ergonomic}
     bool UseCompressedOops                        = true                                 {lp64_product} {ergonomic}
     bool UseG1GC                                  = true                                      {product} {ergonomic}

Logging:
Log output configuration:
 #0: stdout all=warning uptime,level,tags
 #1: stderr all=off uptime,level,tags

Environment Variables:
PATH=/usr/local/sbin:/usr/local/bin:/usr/sbin:/usr/bin:/sbin:/bin:/usr/games:/usr/local/games:/snap/bin
SHELL=/bin/bash
LANG=zh_CN.UTF-8
LC_NUMERIC=zh_CN.UTF-8
LC_TIME=zh_CN.UTF-8
TERM=xterm-256color

Signal Handlers:
SIGSEGV: [libjvm.so+0xeaca10], sa_mask[0]=11111111011111111101111111111110, sa_flags=SA_RESTART|SA_SIGINFO
SIGBUS: [libjvm.so+0xeaca10], sa_mask[0]=11111111011111111101111111111110, sa_flags=SA_RESTART|SA_SIGINFO
SIGFPE: [libjvm.so+0xeaca10], sa_mask[0]=11111111011111111101111111111110, sa_flags=SA_RESTART|SA_SIGINFO
SIGPIPE: [libjvm.so+0xbef130], sa_mask[0]=11111111011111111101111111111110, sa_flags=SA_RESTART|SA_SIGINFO
SIGXFSZ: [libjvm.so+0xbef130], sa_mask[0]=11111111011111111101111111111110, sa_flags=SA_RESTART|SA_SIGINFO
SIGILL: [libjvm.so+0xeaca10], sa_mask[0]=11111111011111111101111111111110, sa_flags=SA_RESTART|SA_SIGINFO
SIGUSR2: [libjvm.so+0xbeefd0], sa_mask[0]=00000000000000000000000000000000, sa_flags=SA_RESTART|SA_SIGINFO
SIGHUP: SIG_IGN, sa_mask[0]=00000000000000000000000000000000, sa_flags=none
SIGINT: SIG_IGN, sa_mask[0]=00000000000000000000000000000000, sa_flags=none
SIGTERM: [libjvm.so+0xbef770], sa_mask[0]=11111111011111111101111111111110, sa_flags=SA_RESTART|SA_SIGINFO
SIGQUIT: [libjvm.so+0xbef770], sa_mask[0]=11111111011111111101111111111110, sa_flags=SA_RESTART|SA_SIGINFO


---------------  S Y S T E M  ---------------

OS:DISTRIB_ID=Ubuntu
DISTRIB_RELEASE=22.04
DISTRIB_CODENAME=jammy
DISTRIB_DESCRIPTION="Ubuntu 22.04.2 LTS"
uname:Linux 5.19.0-50-generic #50-Ubuntu SMP PREEMPT_DYNAMIC Mon Jul 10 18:24:29 UTC 2023 x86_64
OS uptime: 11 days 0:09 hours
libc:glibc 2.35 NPTL 2.35 
rlimit (soft/hard): STACK 8192k/infinity , CORE 0k/infinity , NPROC 15334/15334 , NOFILE 1048576/1048576 , AS infinity/infinity , CPU infinity/infinity , DATA infinity/infinity , FSIZE infinity/infinity , MEMLOCK 500652k/500652k
load average:7.01 2.03 0.74

/proc/meminfo:
MemTotal:        4005244 kB
MemFree:          619120 kB
MemAvailable:    3382400 kB
Buffers:          246700 kB
Cached:          2514312 kB
SwapCached:        12776 kB
Active:          1299932 kB
Inactive:        1563140 kB
Active(anon):      37648 kB
Inactive(anon):    65284 kB
Active(file):    1262284 kB
Inactive(file):  1497856 kB
Unevictable:           0 kB
Mlocked:               0 kB
SwapTotal:       2191356 kB
SwapFree:        2127780 kB
Zswap:                 0 kB
Zswapped:              0 kB
Dirty:               692 kB
Writeback:             0 kB
AnonPages:         95144 kB
Mapped:            97196 kB
Shmem:               872 kB
KReclaimable:     291984 kB
Slab:             417568 kB
SReclaimable:     291984 kB
SUnreclaim:       125584 kB
KernelStack:        5184 kB
PageTables:         4692 kB
NFS_Unstable:          0 kB
Bounce:                0 kB
WritebackTmp:          0 kB
CommitLimit:     4193976 kB
Committed_AS:    1350124 kB
VmallocTotal:   34359738367 kB
VmallocUsed:       27252 kB
VmallocChunk:          0 kB
Percpu:             2224 kB
HardwareCorrupted:     0 kB
AnonHugePages:         0 kB
ShmemHugePages:        0 kB
ShmemPmdMapped:        0 kB
FileHugePages:         0 kB
FilePmdMapped:         0 kB
HugePages_Total:       0
HugePages_Free:        0
HugePages_Rsvd:        0
HugePages_Surp:        0
Hugepagesize:       2048 kB
Hugetlb:               0 kB
DirectMap4k:      307008 kB
DirectMap2M:     3887104 kB
DirectMap1G:     2097152 kB

/sys/kernel/mm/transparent_hugepage/enabled:
always [madvise] never
/sys/kernel/mm/transparent_hugepage/defrag (defrag/compaction efforts parameter):
always defer defer+madvise [madvise] never

Process Memory:
Virtual Size: 3580972K (peak: 12384628K)
Resident Set Size: 60952K (peak: 73916K) (anon: 44940K, file: 16012K, shmem: 0K)
Swapped out: 12644K
C-Heap outstanding allocations: 9471K, retained: 7624K
glibc malloc tunables: (default)

/proc/sys/kernel/threads-max (system-wide limit on the number of threads):
30668
/proc/sys/vm/max_map_count (maximum number of memory map areas a process may have):
65530
/proc/sys/kernel/pid_max (system-wide limit on number of process identifiers):
4194304

container (cgroup) information:
container_type: cgroupv2
cpu_cpuset_cpus: not supported
cpu_memory_nodes: not supported
active_processor_count: 2
cpu_quota: not supported
cpu_period: not supported
cpu_shares: not supported
memory_limit_in_bytes: unlimited
memory_and_swap_limit_in_bytes: unlimited
memory_soft_limit_in_bytes: unlimited
memory_usage_in_bytes: 85984 k
memory_max_usage_in_bytes: not supported
memory_swap_current_in_bytes: 13864 k
memory_swap_max_limit_in_bytes: unlimited
maximum number of tasks: unlimited
current number of tasks: 19

VMWare virtualization detected
Steal ticks since vm start: 0
Steal ticks percentage since vm start:  0.000

CPU:total 2 (initial active 2) (1 cores per cpu, 1 threads per core) family 6 model 167 stepping 1 microcode 0x40, cmov, cx8, fxsr, mmx, sse, sse2, sse3, ssse3, sse4.1, sse4.2, popcnt, avx, avx2, aes, clmul, erms, 3dnowpref, lzcnt, tsc, tscinvbit, bmi1, bmi2, adx, evex, sha, fma
CPU Model and flags from /proc/cpuinfo:
model name	: 11th Gen Intel(R) Core(TM) i5-11500 @ 2.70GHz
flags		: fpu vme de pse tsc msr pae mce cx8 apic sep mtrr pge mca cmov pat pse36 clflush mmx fxsr sse sse2 ss syscall nx pdpe1gb rdtscp lm constant_tsc arch_perfmon rep_good nopl xtopology tsc_reliable nonstop_tsc cpuid tsc_known_freq pni pclmulqdq ssse3 fma cx16 pcid sse4_1 sse4_2 x2apic movbe popcnt tsc_deadline_timer aes xsave avx f16c rdrand hypervisor lahf_lm abm 3dnowprefetch cpuid_fault invpcid_single ssbd ibrs ibpb stibp ibrs_enhanced fsgsbase tsc_adjust bmi1 avx2 smep bmi2 erms invpcid avx512f avx512dq rdseed adx smap avx512ifma clflushopt avx512cd sha_ni avx512bw avx512vl xsaveopt xsavec xgetbv1 xsaves arat avx512vbmi umip pku ospke avx512_vbmi2 gfni vaes vpclmulqdq avx512_vnni avx512_bitalg avx512_vpopcntdq rdpid fsrm md_clear flush_l1d arch_capabilities
Online cpus:
0-1
Offline cpus:

BIOS frequency limitation:
<Not Available>
Frequency switch latency (ns):
<Not Available>
Available cpu frequencies:
<Not Available>
Current governor:
<Not Available>
Core performance/turbo boost:
<Not Available>

Memory: 4k page, physical 4005244k(619120k free), swap 2191356k(2127780k free)

vm_info: OpenJDK 64-Bit Server VM (11.0.20+8-post-Ubuntu-1ubuntu122.04) for linux-amd64 JRE (11.0.20+8-post-Ubuntu-1ubuntu122.04), built on Jul 20 2023 03:20:18 by "unknown" with gcc 11.3.0

END.
